Download is Started (Jun 8, 2012 7:00:49 PM)

  Error (HTTP code 404) - 'http://www.pyroguide.com/index.php?title=Special:Userloginreturnto=Starmine'
  Error (HTTP code 404) - 'http://www.pyroguide.com/index.php?title=Special:Userloginreturnto=Stinger_missile'
  Error (HTTP code 404) - 'http://www.pyroguide.com/index.php?title=Special:Userloginreturnto=Thermite'
  Error (HTTP code 404) - 'http://www.pyroguide.com/index.php?title=Special:Userloginreturnto=Torch'
  Error (HTTP code 404) - 'http://www.pyroguide.com/index.php?title=Special:Userloginreturnto=Touchpaper'
  Error (HTTP code 404) - 'http://www.pyroguide.com/index.php?title=Special:Userloginreturnto=Tube_rolling'
  Error (HTTP code 404) - 'http://www.pyroguide.com/index.php?title=Special:Userloginreturnto=Type_IV_Explosives_Magazine'
  Error (HTTP code 404) - 'http://www.pyroguide.com/index.php?title=Special:Userloginreturnto=Waterfall'
  Error (HTTP code 404) - 'http://www.pyroguide.com/index.php?title=Special:Userloginreturnto=Wheat_paste'
  Error (HTTP code 404) - 'http://www.pyroguide.com/index.php?title=Special:Userloginreturnto=Whirlwind_Tourbillion'
  Error (HTTP code 404) - 'http://www.pyroguide.com/index.php?title=Special:Userloginreturnto=Whistle_rocket'
  Error (HTTP code 404) - 'http://www.pyroguide.com/index.php?title=Special:Userloginreturnto=Willow_Stars'
  Error (HTTP code 404) - 'http://www.pyroguide.com/index.php?title=Special:Userloginreturnto=Category_talk:Tutorials'
  Error (HTTP code 404) - 'http://www.pyroguide.com/index.php?title=Special:Userloginreturnto=Category:Tutorialsaction%3Dedit'
  Error (HTTP code 404) - 'http://www.pyroguide.com/index.php?title=Special:Userloginreturnto=Category:Tutorialsaction%3Dhistory'
  Error (HTTP code 404) - 'http://www.pyroguide.com/index.php?title=Special:Recentchangeslinkedtarget=Category:Tutorialshideminor=0days=7limit=50'
  Error (HTTP code 404) - 'http://www.pyroguide.com/index.php?title=Special:Recentchangeslinkedtarget=Category:Tutorialshideminor=0days=7limit=100'
  Error (HTTP code 404) - 'http://www.pyroguide.com/index.php?title=Special:Recentchangeslinkedtarget=Category:Tutorialshideminor=0days=7limit=250'
  Error (HTTP code 404) - 'http://www.pyroguide.com/index.php?title=Special:Recentchangeslinkedtarget=Category:Tutorialshideminor=0days=7limit=500'
  Error (HTTP code 404) - 'http://www.pyroguide.com/index.php?title=Special:Recentchangeslinkedtarget=Category:Tutorialshideminor=0days=1limit=50'
  Error (HTTP code 404) - 'http://www.pyroguide.com/index.php?title=Special:Recentchangeslinkedtarget=Category:Tutorialshideminor=0days=3limit=50'
  Error (HTTP code 404) - 'http://www.pyroguide.com/index.php?title=Special:Recentchangeslinkedtarget=Category:Tutorialshideminor=0days=14limit=50'
  Error (HTTP code 404) - 'http://www.pyroguide.com/index.php?title=Special:Recentchangeslinkedtarget=Category:Tutorialshideminor=0days=30limit=50'
  Error (HTTP code 404) - 'http://www.pyroguide.com/index.php?title=Special:Recentchangeslinkedtarget=Category:Tutorialsdays=7limit=50hideminor=1'
  Error (HTTP code 404) - 'http://www.pyroguide.com/index.php?title=Special:Userloginreturnto=Category:Tutorialsprintable%3Dyes'
  Error (HTTP code 404) - 'http://www.pyroguide.com/index.php?title=Special:Userloginreturnto=Category:Tutorialsoldid%3D11523'
  Error (HTTP code 404) - 'http://www.pyroguide.com/index.php?title=Special:Userloginreturnto=Kraft_paper'
  Error (HTTP code 404) - 'http://www.pyroguide.com/index.php?title=Special:Userloginreturnto=Kraft_Paper_Weightsaction%3Dedit'
  Error (HTTP code 404) - 'http://www.pyroguide.com/index.php?title=Special:Userloginreturnto=Cherry_bomb'
  Error (HTTP code 404) - 'http://www.pyroguide.com/index.php?title=Special:Userloginreturnto=Hazard_symbols'
  Error (HTTP code 404) - 'http://www.pyroguide.com/index.php?title=Special:Userloginreturnto=User:Jbtaction%3Dedit'
  Error (HTTP code 404) - 'http://www.pyroguide.com/index.php?title=Special:Userloginreturnto=Talk:Main_Pageaction%3Deditsection%3D1'
  Error (HTTP code 404) - 'http://www.pyroguide.com/index.php?title=Special:Userloginreturnto=Talk:Main_Pageaction%3Deditsection%3D2'
  Error (HTTP code 404) - 'http://www.pyroguide.com/index.php?title=Special:Userloginreturnto=Talk:Main_Pageaction%3Dedit'
  Error (HTTP code 404) - 'http://www.pyroguide.com/index.php?title=Special:Userloginreturnto=Talk:Main_Pageaction%3Deditsection%3Dnew'
  Error (HTTP code 404) - 'http://www.pyroguide.com/index.php?title=Special:Userloginreturnto=Talk:Main_Pageaction%3Dhistory'
  Error (HTTP code 404) - 'http://www.pyroguide.com/index.php?title=Special:Recentchangeslinkedtarget=Talk:Main_Pagehideminor=0days=7limit=50'
  Error (HTTP code 404) - 'http://www.pyroguide.com/index.php?title=Special:Recentchangeslinkedtarget=Talk:Main_Pagehideminor=0days=7limit=100'
  Error (HTTP code 404) - 'http://www.pyroguide.com/index.php?title=Special:Recentchangeslinkedtarget=Talk:Main_Pagehideminor=0days=7limit=250'
  Error (HTTP code 404) - 'http://www.pyroguide.com/index.php?title=Special:Recentchangeslinkedtarget=Talk:Main_Pagehideminor=0days=7limit=500'
  Error (HTTP code 404) - 'http://www.pyroguide.com/index.php?title=Special:Recentchangeslinkedtarget=Talk:Main_Pagehideminor=0days=1limit=50'
  Error (HTTP code 404) - 'http://www.pyroguide.com/index.php?title=Special:Recentchangeslinkedtarget=Talk:Main_Pagehideminor=0days=14limit=50'
  Error (HTTP code 404) - 'http://www.pyroguide.com/index.php?title=Special:Recentchangeslinkedtarget=Talk:Main_Pagehideminor=0days=3limit=50'
  Error (HTTP code 404) - 'http://www.pyroguide.com/index.php?title=Special:Recentchangeslinkedtarget=Talk:Main_Pagehideminor=0days=30limit=50'
  Error (HTTP code 404) - 'http://www.pyroguide.com/index.php?title=Special:Recentchangeslinkedtarget=Talk:Main_Pagedays=7limit=50hideminor=1'
  Error (HTTP code 404) - 'http://www.pyroguide.com/index.php?title=Special:Userloginreturnto=Talk:Main_Pageprintable%3Dyes'
  Error (HTTP code 404) - 'http://www.pyroguide.com/index.php?title=Special:Userloginreturnto=Talk:Main_Pageoldid%3D11042'
  Error (HTTP code 404) - 'http://www.pyroguide.com/index.php?title=Special:Userloginreturnto=Main_Pageaction%3Deditaction%3Dedit'
  Error (HTTP code 404) - 'http://www.pyroguide.com/index.php?title=Special:Userloginreturnto=Talk:Main_Pageaction%3Deditaction%3Dedit'
  Error (HTTP code 404) - 'http://www.pyroguide.com/index.php?title=Special:Userloginreturnto=Main_Pageaction%3Deditprintable%3Dyes'
  Error (HTTP code 404) - 'http://www.pyroguide.com/index.php?title=Special:Userloginreturnto=Main_Pageaction%3Dhistoryaction%3Dedit'
  Error (HTTP code 404) - 'http://www.pyroguide.com/index.php?title=Special:Userloginreturnto=Talk:Main_Pageaction%3Dhistoryaction%3Dedit'
  Error (HTTP code 404) - 'http://www.pyroguide.com/index.php?title=Special:Userloginreturnto=Main_Pageaction%3Dhistoryprintable%3Dyes'
  Error (HTTP code 404) - 'http://www.pyroguide.com/index.php?title=Special:Userloginreturnto=AFSL'
  Error (HTTP code 404) - 'http://www.pyroguide.com/index.php?title=Special:Userloginreturnto=CPSC'
  Error (HTTP code 404) - 'http://www.pyroguide.com/index.php?title=Special:Userloginreturnto=GOEX'
  Error (HTTP code 404) - 'http://www.pyroguide.com/index.php?title=Special:Userloginreturnto=MSDS'
  Error (HTTP code 404) - 'http://www.pyroguide.com/index.php?title=Special:Userloginreturnto=NFPA_704'
  Error (HTTP code 404) - 'http://www.pyroguide.com/index.php?title=Special:Userloginreturnto=Pyrotechnic_literature'
  Error (HTTP code 404) - 'http://www.pyroguide.com/index.php?title=Special:Userloginreturnto=Takeo_Shimizu'
  Error (HTTP code 404) - 'http://www.pyroguide.com/index.php?title=Special:Userloginreturnto=The_Ascent_of_Plastic'
  Error (HTTP code 404) - 'http://www.pyroguide.com/index.php?title=Special:Userloginreturnto=The_History_of_Fireworks'
  Error (HTTP code 404) - 'http://www.pyroguide.com/index.php?title=Special:Userloginreturnto=Category_talk:Articles'
  Error (HTTP code 404) - 'http://www.pyroguide.com/index.php?title=Special:Userloginreturnto=Category:Articlesaction%3Dedit'
  Error (HTTP code 404) - 'http://www.pyroguide.com/index.php?title=Special:Userloginreturnto=Category:Articlesaction%3Dhistory'
  Error (HTTP code 404) - 'http://www.pyroguide.com/index.php?title=Special:Recentchangeslinkedtarget=Category:Articleshideminor=0days=7limit=50'
  Error (HTTP code 404) - 'http://www.pyroguide.com/index.php?title=Special:Recentchangeslinkedtarget=Category:Articleshideminor=0days=7limit=100'
  Error (HTTP code 404) - 'http://www.pyroguide.com/index.php?title=Special:Recentchangeslinkedtarget=Category:Articleshideminor=0days=7limit=250'
  Error (HTTP code 404) - 'http://www.pyroguide.com/index.php?title=Special:Recentchangeslinkedtarget=Category:Articleshideminor=0days=7limit=500'
  Error (HTTP code 404) - 'http://www.pyroguide.com/index.php?title=Special:Recentchangeslinkedtarget=Category:Articleshideminor=0days=1limit=50'
  Error (HTTP code 404) - 'http://www.pyroguide.com/index.php?title=Special:Recentchangeslinkedtarget=Category:Articleshideminor=0days=3limit=50'
  Error (HTTP code 404) - 'http://www.pyroguide.com/index.php?title=Special:Recentchangeslinkedtarget=Category:Articleshideminor=0days=14limit=50'
  Error (HTTP code 404) - 'http://www.pyroguide.com/index.php?title=Special:Recentchangeslinkedtarget=Category:Articleshideminor=0days=30limit=50'
  Error (HTTP code 404) - 'http://www.pyroguide.com/index.php?title=Special:Recentchangeslinkedtarget=Category:Articlesdays=7limit=50hideminor=1'
  Error (HTTP code 404) - 'http://www.pyroguide.com/index.php?title=Special:Userloginreturnto=Category:Articlesprintable%3Dyes'
  Error (HTTP code 404) - 'http://www.pyroguide.com/index.php?title=Special:Userloginreturnto=Category:Articlesoldid%3D11532'
  Error (HTTP code 404) - 'http://www.pyroguide.com/index.php?title=Special:Userloginreturnto=CMC'
  Error (HTTP code 404) - 'http://www.pyroguide.com/index.php?title=Special:Userloginreturnto=Chlorine_donor'
  Error (HTTP code 404) - 'http://www.pyroguide.com/index.php?title=Special:Userloginreturnto=Gum_arabic'
  Error (HTTP code 404) - 'http://www.pyroguide.com/index.php?title=Special:Userloginreturnto=Saran'
  Error (HTTP code 404) - 'http://www.pyroguide.com/index.php?title=Special:Userloginreturnto=Shellac'
  Error (HTTP code 404) - 'http://www.pyroguide.com/index.php?title=Special:Userloginreturnto=Category_talk:Binders'
  Error (HTTP code 404) - 'http://www.pyroguide.com/index.php?title=Special:Userloginreturnto=Category:Bindersaction%3Dedit'
  Error (HTTP code 404) - 'http://www.pyroguide.com/index.php?title=Special:Userloginreturnto=Category:Bindersaction%3Dhistory'
  Error (HTTP code 404) - 'http://www.pyroguide.com/index.php?title=Special:Recentchangeslinkedtarget=Category:Bindershideminor=0days=7limit=50'
  Error (HTTP code 404) - 'http://www.pyroguide.com/index.php?title=Special:Recentchangeslinkedtarget=Category:Bindershideminor=0days=7limit=100'
  Error (HTTP code 404) - 'http://www.pyroguide.com/index.php?title=Special:Recentchangeslinkedtarget=Category:Bindershideminor=0days=7limit=250'
  Error (HTTP code 404) - 'http://www.pyroguide.com/index.php?title=Special:Recentchangeslinkedtarget=Category:Bindershideminor=0days=7limit=500'
  Error (HTTP code 404) - 'http://www.pyroguide.com/index.php?title=Special:Recentchangeslinkedtarget=Category:Bindershideminor=0days=1limit=50'
  Error (HTTP code 404) - 'http://www.pyroguide.com/index.php?title=Special:Recentchangeslinkedtarget=Category:Bindershideminor=0days=3limit=50'
  Error (HTTP code 404) - 'http://www.pyroguide.com/index.php?title=Special:Recentchangeslinkedtarget=Category:Bindershideminor=0days=14limit=50'
  Error (HTTP code 404) - 'http://www.pyroguide.com/index.php?title=Special:Recentchangeslinkedtarget=Category:Bindershideminor=0days=30limit=50'
  Error (HTTP code 404) - 'http://www.pyroguide.com/index.php?title=Special:Recentchangeslinkedtarget=Category:Bindersdays=7limit=50hideminor=1'
  Error (HTTP code 404) - 'http://www.pyroguide.com/index.php?title=Special:Userloginreturnto=Category:Bindersprintable%3Dyes'
  Error (HTTP code 404) - 'http://www.pyroguide.com/index.php?title=Special:Userloginreturnto=Category:Bindersoldid%3D11533'
  Error (HTTP code 404) - 'http://www.pyroguide.com/index.php?title=Special:Userloginreturnto=Acetone'
  Error (HTTP code 404) - 'http://www.pyroguide.com/index.php?title=Special:Userloginreturnto=Ammonium_chloride'
  Error (HTTP code 404) - 'http://www.pyroguide.com/index.php?title=Special:Userloginreturnto=Ammonium_dichromate'
  Error (HTTP code 404) - 'http://www.pyroguide.com/index.php?title=Special:Userloginreturnto=Ammonium_nitrate'
  Error (HTTP code 404) - 'http://www.pyroguide.com/index.php?title=Special:Userloginreturnto=Anthracene'
  Error (HTTP code 404) - 'http://www.pyroguide.com/index.php?title=Special:Userloginreturnto=Antimony'
  Error (HTTP code 404) - 'http://www.pyroguide.com/index.php?title=Special:Userloginreturnto=Ascorbic_acid'
  Error (HTTP code 404) - 'http://www.pyroguide.com/index.php?title=Special:Userloginreturnto=Barium_carbonate'
  Error (HTTP code 404) - 'http://www.pyroguide.com/index.php?title=Special:Userloginreturnto=Barium_chlorate'
  Error (HTTP code 404) - 'http://www.pyroguide.com/index.php?title=Special:Userloginreturnto=Barium_sulfate'
  Error (HTTP code 404) - 'http://www.pyroguide.com/index.php?title=Special:Userloginreturnto=Bentonite_(Clay)'
  Error (HTTP code 404) - 'http://www.pyroguide.com/index.php?title=Special:Userloginreturnto=Calcium_carbonate'
  Error (HTTP code 404) - 'http://www.pyroguide.com/index.php?title=Special:Userloginreturnto=Calcium_nitrate'
  Error (HTTP code 404) - 'http://www.pyroguide.com/index.php?title=Special:Userloginreturnto=Calcium_sulfate'
  Error (HTTP code 404) - 'http://www.pyroguide.com/index.php?title=Special:Userloginreturnto=Charcoal_Substitutes'
  Error (HTTP code 404) - 'http://www.pyroguide.com/index.php?title=Special:Userloginreturnto=Chloroform'
  Error (HTTP code 404) - 'http://www.pyroguide.com/index.php?title=Special:Userloginreturnto=Chlorowax'
  Error (HTTP code 404) - 'http://www.pyroguide.com/index.php?title=Special:Userloginreturnto=Clay'
  Error (HTTP code 404) - 'http://www.pyroguide.com/index.php?title=Special:Userloginreturnto=Color_producing_agents'
  Error (HTTP code 404) - 'http://www.pyroguide.com/index.php?title=Special:Userloginreturnto=Copper_(I)_chloride'
  Error (HTTP code 404) - 'http://www.pyroguide.com/index.php?title=Special:Userloginreturnto=Copper_(II)_chloride'
  Error (HTTP code 404) - 'http://www.pyroguide.com/index.php?title=Special:Userloginreturnto=Copper_acetate'
  Error (HTTP code 404) - 'http://www.pyroguide.com/index.php?title=Special:Userloginreturnto=Copper_acetoarsenite'
  Error (HTTP code 404) - 'http://www.pyroguide.com/index.php?title=Special:Userloginreturnto=Copper_carbonate_(basic)'
  Error (HTTP code 404) - 'http://www.pyroguide.com/index.php?title=Special:Userloginreturnto=Copper_chromite'
  Error (HTTP code 404) - 'http://www.pyroguide.com/index.php?title=Special:Userloginreturnto=Copper_oxychloride'
  Error (HTTP code 404) - 'http://www.pyroguide.com/index.php?title=Special:Userloginreturnto=Copper_powder'
  Error (HTTP code 404) - 'http://www.pyroguide.com/index.php?title=Special:UploadwpDestFile=Copper_sulfate.jpg'
  Error (HTTP code 404) - 'http://www.pyroguide.com/index.php?title=Special:Userloginreturnto=Copper_sulfate'
  Error (HTTP code 404) - 'http://www.pyroguide.com/index.php?title=Special:Userloginreturnto=Cryolite'
  Error (HTTP code 404) - 'http://www.pyroguide.com/index.php?title=Special:Userloginreturnto=Dechlorane'
  Error (HTTP code 404) - 'http://www.pyroguide.com/index.php?title=Special:Userloginreturnto=Dextrose'
  Error (HTTP code 404) - 'http://www.pyroguide.com/index.php?title=Special:Userloginreturnto=Ethanol'
  Error (HTTP code 404) - 'http://www.pyroguide.com/index.php?title=Special:Userloginreturnto=Ferro-silicon'
  Error (HTTP code 404) - 'http://www.pyroguide.com/index.php?title=Special:Userloginreturnto=Ferrotitanium'
  Error (HTTP code 404) - 'http://www.pyroguide.com/index.php?title=Special:Userloginreturnto=Firefly_aluminum'
  Error (HTTP code 404) - 'http://www.pyroguide.com/index.php?title=Special:Userloginreturnto=Glass_powder'
  Error (HTTP code 404) - 'http://www.pyroguide.com/index.php?title=Special:Userloginreturnto=Graphite'
  Error (HTTP code 404) - 'http://www.pyroguide.com/index.php?title=Special:Userloginreturnto=Guanidine_nitrate'
  Error (HTTP code 404) - 'http://www.pyroguide.com/index.php?title=Special:Userloginreturnto=Hexachlorobenzene'
  Error (HTTP code 404) - 'http://www.pyroguide.com/index.php?title=Special:Userloginreturnto=Hexachloroethane'
  Error (HTTP code 404) - 'http://www.pyroguide.com/index.php?title=Special:Userloginreturnto=Hexamine'
  Error (HTTP code 404) - 'http://www.pyroguide.com/index.php?title=Special:Userloginreturnto=Hydrochloric_acid'
  Error (HTTP code 404) - 'http://www.pyroguide.com/index.php?title=Special:Userloginreturnto=Indian_Blackhead'
  Error (HTTP code 404) - 'http://www.pyroguide.com/index.php?title=Special:Userloginreturnto=Iron'
  Error (HTTP code 404) - 'http://www.pyroguide.com/index.php?title=Special:Userloginreturnto=Iron_Oxide_(Black)'
  Error (HTTP code 404) - 'http://www.pyroguide.com/index.php?title=Special:Userloginreturnto=Iron_oxide_(red)'
  Error (HTTP code 404) - 'http://www.pyroguide.com/index.php?title=Special:Userloginreturnto=Isopropyl_alcohol'
  Error (HTTP code 404) - 'http://www.pyroguide.com/index.php?title=Special:Userloginreturnto=Lactose'
  Error (HTTP code 404) - 'http://www.pyroguide.com/index.php?title=Special:Userloginreturnto=Linseed_oil'
  Error (HTTP code 404) - 'http://www.pyroguide.com/index.php?title=Special:Userloginreturnto=MEK_(methyl_ethyl_ketone)'
  Error (HTTP code 404) - 'http://www.pyroguide.com/index.php?title=Special:Userloginreturnto=Magnesium'
  Error (HTTP code 404) - 'http://www.pyroguide.com/index.php?title=Special:Userloginreturnto=Magnesium_ribbon'
  Error (HTTP code 404) - 'http://www.pyroguide.com/index.php?title=Special:Userloginreturnto=Manganese_dioxide'
  Error (HTTP code 404) - 'http://www.pyroguide.com/index.php?title=Special:Userloginreturnto=Mercury_chloride'
  Error (HTTP code 404) - 'http://www.pyroguide.com/index.php?title=Special:Userloginreturnto=Methanol'
  Error (HTTP code 404) - 'http://www.pyroguide.com/index.php?title=Special:Userloginreturnto=Methylene_chloride'
  Error (HTTP code 404) - 'http://www.pyroguide.com/index.php?title=Special:Userloginreturnto=Naphthalene'
  Error (HTTP code 404) - 'http://www.pyroguide.com/index.php?title=Special:Userloginreturnto=Nitric_acid'
  Error (HTTP code 404) - 'http://www.pyroguide.com/index.php?title=Special:Userloginreturnto=Orpiment'
  Error (HTTP code 404) - 'http://www.pyroguide.com/index.php?title=Special:Userloginreturnto=Paraffin_oil'
  Error (HTTP code 404) - 'http://www.pyroguide.com/index.php?title=Special:Userloginreturnto=Petroleum_jelly'
  Error (HTTP code 404) - 'http://www.pyroguide.com/index.php?title=Special:Userloginreturnto=Potassium_benzoate'
  Error (HTTP code 404) - 'http://www.pyroguide.com/index.php?title=Special:Userloginreturnto=Potassium_carbonate'
  Error (HTTP code 404) - 'http://www.pyroguide.com/index.php?title=Special:Userloginreturnto=Potassium_chloride'
  Error (HTTP code 404) - 'http://www.pyroguide.com/index.php?title=Special:Userloginreturnto=Potassium_dichromate'
  Error (HTTP code 404) - 'http://www.pyroguide.com/index.php?title=Special:Userloginreturnto=Potassium_permanganate'
  Error (HTTP code 404) - 'http://www.pyroguide.com/index.php?title=Special:Userloginreturnto=Realgar'
  Error (HTTP code 404) - 'http://www.pyroguide.com/index.php?title=Special:Userloginreturnto=Red_phosphorus'
  Error (HTTP code 404) - 'http://www.pyroguide.com/index.php?title=Special:Userloginreturnto=Sawdust'
  Error (HTTP code 404) - 'http://www.pyroguide.com/index.php?title=Special:Userloginreturnto=Silicon'
  Error (HTTP code 404) - 'http://www.pyroguide.com/index.php?title=Special:Userloginreturnto=Sodium_benzoate'
  Error (HTTP code 404) - 'http://www.pyroguide.com/index.php?title=Special:Userloginreturnto=Sodium_bicarbonate'
  Error (HTTP code 404) - 'http://www.pyroguide.com/index.php?title=Special:Userloginreturnto=Sodium_chlorate'
  Error (HTTP code 404) - 'http://www.pyroguide.com/index.php?title=Special:Userloginreturnto=Sodium_chloride'
  Error (HTTP code 404) - 'http://www.pyroguide.com/index.php?title=Special:Userloginreturnto=Sodium_nitrate'
  Error (HTTP code 404) - 'http://www.pyroguide.com/index.php?title=Special:Userloginreturnto=Sodium_oxalate'
  Error (HTTP code 404) - 'http://www.pyroguide.com/index.php?title=Special:Userloginreturnto=Sodium_perchlorate'
  Error (HTTP code 404) - 'http://www.pyroguide.com/index.php?title=Special:Userloginreturnto=Sodium_salicylate'
  Error (HTTP code 404) - 'http://www.pyroguide.com/index.php?title=Special:Userloginreturnto=Sodium_silicate'
  Error (HTTP code 404) - 'http://www.pyroguide.com/index.php?title=Special:Userloginreturnto=Sorbitol'
  Error (HTTP code 404) - 'http://www.pyroguide.com/index.php?title=Special:Userloginreturnto=Stearin'
  Error (HTTP code 404) - 'http://www.pyroguide.com/index.php?title=Special:Userloginreturnto=Steel'
  Error (HTTP code 404) - 'http://www.pyroguide.com/index.php?title=Special:Userloginreturnto=Strontium_carbonate'
  Error (HTTP code 404) - 'http://www.pyroguide.com/index.php?title=Special:Userloginreturnto=Strontium_nitrate'
  Error (HTTP code 404) - 'http://www.pyroguide.com/index.php?title=Special:Userloginreturnto=Strontium_oxalate'
  Error (HTTP code 404) - 'http://www.pyroguide.com/index.php?title=Special:Userloginreturnto=Strontium_sulfate'
  Error (HTTP code 404) - 'http://www.pyroguide.com/index.php?title=Special:Userloginreturnto=Sucrose'
  Error (HTTP code 404) - 'http://www.pyroguide.com/index.php?title=Special:Userloginreturnto=Sulfuric_acid'
  Error (HTTP code 404) - 'http://www.pyroguide.com/index.php?title=Special:Userloginreturnto=Tetrahydrofuran_(THF)'
  Error (HTTP code 404) - 'http://www.pyroguide.com/index.php?title=Special:Userloginreturnto=Titanium'
  Error (HTTP code 404) - 'http://www.pyroguide.com/index.php?title=Special:Userloginreturnto=Ultramarine'
  Error (HTTP code 404) - 'http://www.pyroguide.com/index.php?title=Special:Userloginreturnto=Water'
  Error (HTTP code 404) - 'http://www.pyroguide.com/index.php?title=Special:Userloginreturnto=Wood_meal'
  Error (HTTP code 404) - 'http://www.pyroguide.com/index.php?title=Special:Userloginreturnto=Xanthan_gum'
  Error (HTTP code 404) - 'http://www.pyroguide.com/index.php?title=Special:Userloginreturnto=Xylene'
  Error (HTTP code 404) - 'http://www.pyroguide.com/index.php?title=Special:Userloginreturnto=Zinc'
  Error (HTTP code 404) - 'http://www.pyroguide.com/index.php?title=Special:Userloginreturnto=Zinc_oxide'
  Error (HTTP code 404) - 'http://pyroguide.com/index.php?title=Special:Userloginreturnto=%241action%3Dedit'
  Error (HTTP code 404) - 'http://pyroguide.com/index.php?title=Special:Userloginreturnto=Talk:%241action%3Dedit'
  Error (HTTP code 404) - 'http://pyroguide.com/index.php?title=Special:Userloginreturnto=%241printable%3Dyes'
  Error (HTTP code 404) - 'http://pyroguide.com/index.php?title=Special:Userloginreturnto=Special:Statistics'
  Error (HTTP code 404) - 'http://pyroguide.com/Aim2.jpg'
  Error (HTTP code 404) - 'http://pyroguide.com/index.php?title=Special:Userloginreturnto=Image:Aim2.jpg'
  Error (HTTP code 404) - 'http://pyroguide.com/Needu.jpg'
  Error (HTTP code 404) - 'http://pyroguide.com/index.php?title=Special:Userloginreturnto=Image:Needu.jpg'
  Error (HTTP code 404) - 'http://pyroguide.com/Barkingdog.gif'
  Error (HTTP code 404) - 'http://pyroguide.com/index.php?title=Special:Userloginreturnto=Image:Barkingdog.gif'
  Error (HTTP code 404) - 'http://pyroguide.com/index.php?title=Special:Userloginreturnto=PyroGuide:Sandbox'
  Error (HTTP code 404) - 'http://pyroguide.com/Tutorials.gif'
  Error (HTTP code 404) - 'http://pyroguide.com/index.php?title=Special:Userloginreturnto=Image:Tutorials.gif'
  Error (HTTP code 404) - 'http://pyroguide.com/index.php?title=Special:Userloginreturnto=Black_Powder_Manufacture'
  Error (HTTP code 404) - 'http://pyroguide.com/index.php?title=Special:Userloginreturnto=Crackling_Micro-stars'
  Error (HTTP code 404) - 'http://pyroguide.com/index.php?title=Special:Userloginreturnto=Fire_Dust_(Charcoal)'
  Error (HTTP code 404) - 'http://pyroguide.com/index.php?title=Special:Userloginreturnto=Screens'
  Error (HTTP code 404) - 'http://pyroguide.com/index.php?title=Special:Userloginreturnto=Portfire'
  Error (HTTP code 404) - 'http://pyroguide.com/index.php?title=Special:Userloginreturnto=Gunpowder_Grades'
  Error (HTTP code 404) - 'http://pyroguide.com/index.php?title=Special:Userloginreturnto=Testing_stars'
  Error (HTTP code 404) - 'http://pyroguide.com/index.php?title=Special:Userloginreturnto=Kyoku-do'
  Error (HTTP code 404) - 'http://pyroguide.com/index.php?title=Special:Userloginreturnto=Silver_Stars'
  Error (HTTP code 404) - 'http://pyroguide.com/index.php?title=Special:Userloginreturnto=Talk:Main_Page'
  Error (HTTP code 404) - 'http://pyroguide.com/index.php?title=Special:Userloginreturnto=Main_Pageaction%3Dedit'
  Error (HTTP code 404) - 'http://pyroguide.com/index.php?title=Special:Userloginreturnto=Main_Pageaction%3Dhistory'
  Error (HTTP code 404) - 'http://pyroguide.com/index.php?title=Special:Recentchangeslinkedtarget=Main_Pagehideminor=0days=7limit=100'
  Error (HTTP code 404) - 'http://pyroguide.com/index.php?title=Special:Recentchangeslinkedtarget=Main_Pagehideminor=0days=7limit=50'
  Error (HTTP code 404) - 'http://pyroguide.com/index.php?title=Special:Recentchangeslinkedtarget=Main_Pagehideminor=0days=7limit=250'
  Error (HTTP code 404) - 'http://pyroguide.com/index.php?title=Special:Recentchangeslinkedtarget=Main_Pagehideminor=0days=7limit=500'
  Error (HTTP code 404) - 'http://pyroguide.com/index.php?title=Special:Recentchangeslinkedtarget=Main_Pagehideminor=0days=1limit=50'
  Error (HTTP code 404) - 'http://pyroguide.com/index.php?title=Special:Recentchangeslinkedtarget=Main_Pagehideminor=0days=3limit=50'
  Error (HTTP code 404) - 'http://pyroguide.com/index.php?title=Special:Recentchangeslinkedtarget=Main_Pagehideminor=0days=14limit=50'
  Error (HTTP code 404) - 'http://pyroguide.com/index.php?title=Special:Recentchangeslinkedtarget=Main_Pagehideminor=0days=30limit=50'
  Error (HTTP code 404) - 'http://pyroguide.com/index.php?title=Special:Recentchangeslinkedtarget=Main_Pagedays=7limit=50hideminor=1'
  Error (HTTP code 404) - 'http://pyroguide.com/index.php?title=Special:Userloginreturnto=Main_Pageprintable%3Dyes'
  Error (HTTP code 404) - 'http://pyroguide.com/index.php?title=Special:Userloginreturnto=Main_Pageoldid%3D10159'
  Error (HTTP code 404) - 'http://pyroguide.com/index.php?title=Special:Userloginreturnto=Hazard_Symbolsredirect%3Dno'
  Error (HTTP code 404) - 'http://pyroguide.com/Hazard.jpg'
  Error (HTTP code 404) - 'http://pyroguide.com/index.php?title=Special:Userloginreturnto=Image:Hazard.jpg'
  Error (HTTP code 404) - 'http://pyroguide.com/index.php?title=Special:Userloginreturnto=Lead_tetraoxide'
  Error (HTTP code 404) - 'http://pyroguide.com/index.php?title=Special:Userloginreturnto=Copper_acetoarsenite'
  Error (HTTP code 404) - 'http://pyroguide.com/index.php?title=Special:Userloginreturnto=Oxidizer'
  Error (HTTP code 404) - 'http://pyroguide.com/Oxid.gif'
  Error (HTTP code 404) - 'http://pyroguide.com/index.php?title=Special:Userloginreturnto=Image:Oxid.gif'
  Error (HTTP code 404) - 'http://pyroguide.com/index.php?title=Special:Userloginreturnto=Talk:Hazard_symbolsaction%3Dedit'
  Error (HTTP code 404) - 'http://pyroguide.com/index.php?title=Special:Userloginreturnto=Hazard_symbolsaction%3Dedit'
  Error (HTTP code 404) - 'http://pyroguide.com/index.php?title=Special:Userloginreturnto=Hazard_symbolsaction%3Dhistory'
  Error (HTTP code 404) - 'http://pyroguide.com/index.php?title=Special:Recentchangeslinkedtarget=Hazard_symbolshideminor=0days=7limit=50'
  Error (HTTP code 404) - 'http://pyroguide.com/index.php?title=Special:Recentchangeslinkedtarget=Hazard_symbolshideminor=0days=7limit=100'
  Error (HTTP code 404) - 'http://pyroguide.com/index.php?title=Special:Recentchangeslinkedtarget=Hazard_symbolshideminor=0days=7limit=250'
  Error (HTTP code 404) - 'http://pyroguide.com/index.php?title=Special:Recentchangeslinkedtarget=Hazard_symbolshideminor=0days=7limit=500'
  Error (HTTP code 404) - 'http://pyroguide.com/index.php?title=Special:Recentchangeslinkedtarget=Hazard_symbolshideminor=0days=1limit=50'
  Error (HTTP code 404) - 'http://pyroguide.com/index.php?title=Special:Recentchangeslinkedtarget=Hazard_symbolshideminor=0days=3limit=50'
  Error (HTTP code 404) - 'http://pyroguide.com/index.php?title=Special:Recentchangeslinkedtarget=Hazard_symbolshideminor=0days=14limit=50'
  Error (HTTP code 404) - 'http://pyroguide.com/index.php?title=Special:Recentchangeslinkedtarget=Hazard_symbolshideminor=0days=30limit=50'
  Error (HTTP code 404) - 'http://pyroguide.com/index.php?title=Special:Recentchangeslinkedtarget=Hazard_symbolsdays=7limit=50hideminor=1'
  Error (HTTP code 404) - 'http://pyroguide.com/index.php?title=Special:Userloginreturnto=Hazard_symbolsprintable%3Dyes'
  Error (HTTP code 404) - 'http://pyroguide.com/index.php?title=Special:Userloginreturnto=Hazard_symbolsoldid%3D6416'
  Error (HTTP code 404) - 'http://pyroguide.com/index.php?title=Special:Userloginreturnto=R-phrases_and_S-phrasesaction%3Deditsection%3D1action%3Dedit'
  Error (HTTP code 404) - 'http://pyroguide.com/index.php?title=Special:Userloginreturnto=Talk:R-phrases_and_S-phrasesaction%3Deditsection%3D1action%3Dedit'
  Error (HTTP code 404) - 'http://pyroguide.com/index.php?title=Special:Userloginreturnto=R-phrases_and_S-phrasesaction%3Deditsection%3D1printable%3Dyes'
  Error (HTTP code 404) - 'http://pyroguide.com/index.php?title=Special:Userloginreturnto=Category:Classifications'
  Error (HTTP code 404) - 'http://pyroguide.com/index.php?title=Special:Userloginreturnto=Category:Helpaction%3Dedit'
  Error (HTTP code 404) - 'http://pyroguide.com/index.php?title=Special:Userloginreturnto=Category:Pyroguide_administration'
  Error (HTTP code 404) - 'http://pyroguide.com/index.php?title=Special:Userloginreturnto=Category:Pyroguide_administrators'
  Error (HTTP code 404) - 'http://pyroguide.com/index.php?title=Special:Userloginreturnto=Category:Pyroguide_disclaimers'
  Error (HTTP code 404) - 'http://pyroguide.com/index.php?title=Special:Userloginreturnto=Category:Pyroguide_functionaries'
  Error (HTTP code 404) - 'http://pyroguide.com/index.php?title=Special:Userloginreturnto=Category:Pyroguide_tutorialaction%3Dedit'
  Error (HTTP code 404) - 'http://pyroguide.com/index.php?title=Special:Userloginreturnto=Category:Pyrowiki_tutorial'
  Error (HTTP code 404) - 'http://pyroguide.com/index.php?title=Special:Userloginreturnto=Category:Safetyaction%3Dedit'
  Error (HTTP code 404) - 'http://pyroguide.com/index.php?title=Special:Userloginreturnto=Category:Definitionsfrom%3DTorch'
  Error (HTTP code 404) - 'http://pyroguide.com/index.php?title=Special:Userloginreturnto=2FA'
  Error (HTTP code 404) - 'http://pyroguide.com/index.php?title=Special:Userloginreturnto=4FA'
  Error (HTTP code 404) - 'http://pyroguide.com/index.php?title=Special:Userloginreturnto=5FA'
  Error (HTTP code 404) - 'http://pyroguide.com/index.php?title=Special:Userloginreturnto=AFSL'
  Error (HTTP code 404) - 'http://pyroguide.com/index.php?title=Special:Userloginreturnto=Aerial_Firework'
  Error (HTTP code 404) - 'http://pyroguide.com/index.php?title=Special:Userloginreturnto=Airfloat'
  Error (HTTP code 404) - 'http://pyroguide.com/index.php?title=Special:Userloginreturnto=Apogee'
  Error (HTTP code 404) - 'http://pyroguide.com/index.php?title=Special:Userloginreturnto=Armstrong%27s_Mix'
  Error (HTTP code 404) - 'http://pyroguide.com/index.php?title=Special:Userloginreturnto=Ball_Mill'
  Error (HTTP code 404) - 'http://pyroguide.com/index.php?title=Special:Userloginreturnto=Barrage'
  Error (HTTP code 404) - 'http://pyroguide.com/index.php?title=Special:Userloginreturnto=Battery'
  Error (HTTP code 404) - 'http://pyroguide.com/index.php?title=Special:Userloginreturnto=Bees'
  Error (HTTP code 404) - 'http://pyroguide.com/index.php?title=Special:Userloginreturnto=Bengal_illuminations'
  Error (HTTP code 404) - 'http://pyroguide.com/index.php?title=Special:Userloginreturnto=Bentonite_(Clay)'
  Error (HTTP code 404) - 'http://pyroguide.com/index.php?title=Special:Userloginreturnto=Benzolift'
  Error (HTTP code 404) - 'http://pyroguide.com/index.php?title=Special:Userloginreturnto=Beraq'
  Error (HTTP code 404) - 'http://pyroguide.com/index.php?title=Special:Userloginreturnto=Binder'
  Error (HTTP code 404) - 'http://pyroguide.com/index.php?title=Special:Userloginreturnto=Bird_Banger'
  Error (HTTP code 404) - 'http://pyroguide.com/index.php?title=Special:Userloginreturnto=Black_Powder'
  Error (HTTP code 404) - 'http://pyroguide.com/index.php?title=Special:Userloginreturnto=Black_Powder_(Corned)'
  Error (HTTP code 404) - 'http://pyroguide.com/index.php?title=Special:Userloginreturnto=Black_Powder_(Meal_Powder)'
  Error (HTTP code 404) - 'http://pyroguide.com/index.php?title=Special:Userloginreturnto=Black_Powder_(Mealed)'
  Error (HTTP code 404) - 'http://pyroguide.com/index.php?title=Special:Userloginreturnto=Black_Powder_(Pulverone)'
  Error (HTTP code 404) - 'http://pyroguide.com/index.php?title=Special:Userloginreturnto=Black_Powder_(Slurry)'
  Error (HTTP code 404) - 'http://pyroguide.com/index.php?title=Special:Userloginreturnto=Black_Powder_(Sulphurless)'
  Error (HTTP code 404) - 'http://pyroguide.com/index.php?title=Special:Userloginreturnto=Black_match'
  Error (HTTP code 404) - 'http://pyroguide.com/index.php?title=Special:Userloginreturnto=Blasting_Cap'
  Error (HTTP code 404) - 'http://pyroguide.com/index.php?title=Special:Userloginreturnto=Blown_Blind'
